release/play/internal-test-v0.1.1/mapping/mapping.txt
# compiler: R8
# compiler_version: 8.7.18
# min_api: 26
# common_typos_disable
# {"id":"com.android.tools.r8.mapping","version":"2.2"}
# pg_map_id: fcad216
# pg_map_hash: SHA-256 fcad216eb3efcd463d385d600ac249885e8b219cc9c97f2367296d4c74c39a8c
...
com.google.android.gms.internal.fido.zzdg -> com.google.android.gms.internal.fido.zzdg:
# {"id":"sourceFile","fileName":"com.google.android.gms:play-services-fido@@20.1.0"}
    0:5:java.lang.String zza(com.google.android.gms.internal.fido.zzcz):1:1 -> zza
    6:9:java.lang.String zza(com.google.android.gms.internal.fido.zzcz):2:2 -> zza
    10:15:java.lang.String zza(com.google.android.gms.internal.fido.zzcz):3:3 -> zza
    16:43:java.lang.String zza(com.google.android.gms.internal.fido.zzcz):4:4 -> zza
    44:47:java.lang.String zza(com.google.android.gms.internal.fido.zzcz):19:19 -> zza
    48:57:java.lang.String zza(com.google.android.gms.internal.fido.zzcz):15:15 -> zza
    58:67:java.lang.String zza(com.google.android.gms.internal.fido.zzcz):16:16 -> zza
    68:75:java.lang.String zza(com.google.android.gms.internal.fido.zzcz):17:17 -> zza
    76:79:java.lang.String zza(com.google.android.gms.internal.fido.zzcz):18:18 -> zza
    80:81:java.lang.String zza(com.google.android.gms.internal.fido.zzcz):7:7 -> zza
    82:87:java.lang.String zza(com.google.android.gms.internal.fido.zzcz):8:8 -> zza
    88:93:java.lang.String zza(com.google.android.gms.internal.fido.zzcz):9:9 -> zza
    94:99:java.lang.String zza(com.google.android.gms.internal.fido.zzcz):10:10 -> zza
    100:105:java.lang.String zza(com.google.android.gms.internal.fido.zzcz):11:11 -> zza
    106:111:java.lang.String zza(com.google.android.gms.internal.fido.zzcz):12:12 -> zza
com.google.android.gms.internal.fido.zzdh -> com.google.android.gms.internal.fido.zzdh:
# {"id":"sourceFile","fileName":"com.google.android.gms:play-services-fido@@20.1.0"}
    0:3:void <init>(java.lang.String):1:1 -> <init>
com.google.android.gms.internal.fido.zzdi -> com.google.android.gms.internal.fido.zzdi:
# {"id":"sourceFile","fileName":"com.google.android.gms:play-services-fido@@20.1.0"}
    0:2:void <init>(com.google.android.gms.internal.fido.zzaz):1:1 -> <init>
    3:5:void <init>(com.google.android.gms.internal.fido.zzaz):3:3 -> <init>
    6:45:void <init>(com.google.android.gms.internal.fido.zzaz):1:1 -> <init>
    46:49:void <init>(com.google.android.gms.internal.fido.zzaz):2:2 -> <init>
    0:1:int compareTo(java.lang.Object):1:1 -> compareTo
    2:13:int compareTo(java.lang.Object):2:2 -> compareTo
    14:23:int compareTo(java.lang.Object):3:3 -> compareTo
    24:31:int compareTo(java.lang.Object):4:4 -> compareTo
    32:60:int compareTo(java.lang.Object):5:5 -> compareTo
    61:66:int compareTo(java.lang.Object):6:6 -> compareTo
    67:74:int compareTo(java.lang.Object):7:7 -> compareTo
    75:86:int compareTo(java.lang.Object):8:8 -> compareTo
    8:22:boolean equals(java.lang.Object):1:1 -> equals
    23:27:boolean equals(java.lang.Object):2:2 -> equals
    2:15:int hashCode():1:1 -> hashCode
    16:20:int hashCode():2:2 -> hashCode
    0:12:java.lang.String toString():1:1 -> toString
    13:28:java.lang.String toString():2:2 -> toString
    29:30:java.lang.String toString():3:3 -> toString
    31:58:java.lang.String toString():4:4 -> toString
    59:61:java.lang.String toString():5:5 -> toString
    62:65:java.lang.String toString():6:6 -> toString
com.google.android.gms.internal.fido.zzdj -> com.google.android.gms.internal.fido.zzdj:
# {"id":"sourceFile","fileName":"com.google.android.gms:play-services-fido@@20.1.0"}
    0:1:int compareTo(java.lang.Object):1:1 -> compareTo
    2:13:int compareTo(java.lang.Object):2:2 -> compareTo
    14:23:int compareTo(java.lang.Object):3:3 -> compareTo
    24:37:int compareTo(java.lang.Object):4:4 -> compareTo
    38:44:int compareTo(java.lang.Object):5:5 -> compareTo
    8:26:boolean equals(java.lang.Object):1:1 -> equals
    2:19:int hashCode():1:1 -> hashCode
    20:24:int hashCode():2:2 -> hashCode
    0:6:java.lang.String toString():1:1 -> toString